VIRTUALBENCH-LOGGER 2.1 REPORT
NATIONAL INSTRUMENTS
DATE CREATED	15:19:55	04/06/2016

USER	


START COMMENT


END COMMENT

START DATA
Date	Time	Ch0(V)
04/06/2016	15:25:59.4	    -3.900
04/06/2016	15:25:59.5	    -3.900
04/06/2016	15:25:59.6	    -3.942
04/06/2016	15:25:59.7	    -3.898
04/06/2016	15:25:59.8	    -3.904
04/06/2016	15:25:59.9	    -3.905
04/06/2016	15:26:00.0	    -3.902
04/06/2016	15:26:00.1	    -3.904
04/06/2016	15:26:00.2	    -3.903
04/06/2016	15:26:00.3	    -3.905
04/06/2016	15:26:00.4	    -3.897
04/06/2016	15:26:00.5	    -3.884
04/06/2016	15:26:00.6	    -3.866
04/06/2016	15:26:00.7	    -3.855
04/06/2016	15:26:00.8	    -3.835
04/06/2016	15:26:00.9	    -3.818
04/06/2016	15:26:01.0	    -3.801
04/06/2016	15:26:01.1	    -3.777
04/06/2016	15:26:01.2	    -3.763
04/06/2016	15:26:01.3	    -3.740
04/06/2016	15:26:01.4	    -3.713
04/06/2016	15:26:01.5	    -3.693
04/06/2016	15:26:01.6	    -3.668
04/06/2016	15:26:01.7	    -3.644
04/06/2016	15:26:01.8	    -3.619
04/06/2016	15:26:01.9	    -3.591
04/06/2016	15:26:02.0	    -3.563
04/06/2016	15:26:02.1	    -3.536
04/06/2016	15:26:02.2	    -3.507
04/06/2016	15:26:02.3	    -3.477
04/06/2016	15:26:02.4	    -3.449
04/06/2016	15:26:02.5	    -3.419
04/06/2016	15:26:02.6	    -3.391
04/06/2016	15:26:02.7	    -3.358
04/06/2016	15:26:02.8	    -3.327
04/06/2016	15:26:02.9	    -3.297
04/06/2016	15:26:03.0	    -3.266
04/06/2016	15:26:03.1	    -3.184
04/06/2016	15:26:03.2	    -3.200
04/06/2016	15:26:03.3	    -3.168
04/06/2016	15:26:03.4	    -3.134
04/06/2016	15:26:03.5	    -3.101
04/06/2016	15:26:03.6	    -3.064
04/06/2016	15:26:03.7	    -3.029
04/06/2016	15:26:03.8	    -2.997
04/06/2016	15:26:03.9	    -2.959
04/06/2016	15:26:04.0	    -2.927
04/06/2016	15:26:04.1	    -2.890
04/06/2016	15:26:04.2	    -2.849
04/06/2016	15:26:04.3	    -2.814
04/06/2016	15:26:04.4	    -2.775
04/06/2016	15:26:04.5	    -2.733
04/06/2016	15:26:04.6	    -2.696
04/06/2016	15:26:04.7	    -2.657
04/06/2016	15:26:04.8	    -2.615
04/06/2016	15:26:04.9	    -2.579
04/06/2016	15:26:05.0	    -2.535
04/06/2016	15:26:05.1	    -2.494
04/06/2016	15:26:05.2	    -2.451
04/06/2016	15:26:05.3	    -2.418
04/06/2016	15:26:05.4	    -2.417
04/06/2016	15:26:05.5	    -2.421
04/06/2016	15:26:05.6	    -2.434
04/06/2016	15:26:05.7	    -2.452
04/06/2016	15:26:05.8	    -2.467
04/06/2016	15:26:05.9	    -2.492
04/06/2016	15:26:06.0	    -2.514
04/06/2016	15:26:06.1	    -2.539
04/06/2016	15:26:06.2	    -2.567
04/06/2016	15:26:06.3	    -2.590
04/06/2016	15:26:06.4	    -2.615
04/06/2016	15:26:06.5	    -2.703
04/06/2016	15:26:06.6	    -2.671
04/06/2016	15:26:06.7	    -2.691
04/06/2016	15:26:06.8	    -2.719
04/06/2016	15:26:06.9	    -2.744
04/06/2016	15:26:07.0	    -2.770
04/06/2016	15:26:07.1	    -2.795
04/06/2016	15:26:07.2	    -2.825
04/06/2016	15:26:07.3	    -2.848
04/06/2016	15:26:07.4	    -2.873
04/06/2016	15:26:07.5	    -2.900
04/06/2016	15:26:07.6	    -2.922
04/06/2016	15:26:07.7	    -2.948
04/06/2016	15:26:07.8	    -2.973
04/06/2016	15:26:07.9	    -2.997
04/06/2016	15:26:08.0	    -3.021
04/06/2016	15:26:08.1	    -3.042
04/06/2016	15:26:08.2	    -3.080
04/06/2016	15:26:08.3	    -3.089
04/06/2016	15:26:08.4	    -3.119
04/06/2016	15:26:08.5	    -3.135
04/06/2016	15:26:08.6	    -3.159
04/06/2016	15:26:08.7	    -3.181
04/06/2016	15:26:08.8	    -3.199
04/06/2016	15:26:08.9	    -3.226
04/06/2016	15:26:09.0	    -3.246
04/06/2016	15:26:09.1	    -3.267
04/06/2016	15:26:09.2	    -3.288
04/06/2016	15:26:09.3	    -3.311
04/06/2016	15:26:09.4	    -3.333
04/06/2016	15:26:09.5	    -3.354
04/06/2016	15:26:09.6	    -3.373
04/06/2016	15:26:09.7	    -3.394
04/06/2016	15:26:09.8	    -3.417
04/06/2016	15:26:09.9	    -3.436
04/06/2016	15:26:10.0	    -3.457
04/06/2016	15:26:10.1	    -3.478
04/06/2016	15:26:10.2	    -3.498
04/06/2016	15:26:10.3	    -3.515
04/06/2016	15:26:10.4	    -3.515
04/06/2016	15:26:10.5	    -3.503
04/06/2016	15:26:10.6	    -3.489
04/06/2016	15:26:10.7	    -3.477
04/06/2016	15:26:10.8	    -3.465
04/06/2016	15:26:10.9	    -3.448
04/06/2016	15:26:11.0	    -3.433
04/06/2016	15:26:11.1	    -3.412
04/06/2016	15:26:11.2	    -3.397
04/06/2016	15:26:11.3	    -3.378
04/06/2016	15:26:11.4	    -3.358
04/06/2016	15:26:11.5	    -3.340
04/06/2016	15:26:11.6	    -3.322
04/06/2016	15:26:11.7	    -3.282
04/06/2016	15:26:11.8	    -3.282
04/06/2016	15:26:11.9	    -3.260
04/06/2016	15:26:12.0	    -3.241
04/06/2016	15:26:12.1	    -3.219
04/06/2016	15:26:12.2	    -3.197
04/06/2016	15:26:12.3	    -3.175
04/06/2016	15:26:12.4	    -3.159
04/06/2016	15:26:12.5	    -3.132
04/06/2016	15:26:12.6	    -3.104
04/06/2016	15:26:12.7	    -3.079
04/06/2016	15:26:12.8	    -3.056
04/06/2016	15:26:12.9	    -3.029
04/06/2016	15:26:13.0	    -3.004
04/06/2016	15:26:13.1	    -2.976
04/06/2016	15:26:13.2	    -2.948
04/06/2016	15:26:13.3	    -2.921
04/06/2016	15:26:13.4	    -2.891
04/06/2016	15:26:13.5	    -2.861
04/06/2016	15:26:13.6	    -2.829
04/06/2016	15:26:13.7	    -2.794
04/06/2016	15:26:13.8	    -2.762
04/06/2016	15:26:13.9	    -2.729
04/06/2016	15:26:14.0	    -2.699
04/06/2016	15:26:14.1	    -2.664
04/06/2016	15:26:14.2	    -2.634
04/06/2016	15:26:14.3	    -2.601
04/06/2016	15:26:14.4	    -2.567
04/06/2016	15:26:14.5	    -2.533
04/06/2016	15:26:14.6	    -2.498
04/06/2016	15:26:14.7	    -2.465
04/06/2016	15:26:14.8	    -2.430
04/06/2016	15:26:14.9	    -2.395
04/06/2016	15:26:15.0	    -2.361
04/06/2016	15:26:15.1	    -2.324
04/06/2016	15:26:15.2	    -2.279
04/06/2016	15:26:15.3	    -2.261
04/06/2016	15:26:15.4	    -2.267
04/06/2016	15:26:15.5	    -2.282
04/06/2016	15:26:15.6	    -2.301
04/06/2016	15:26:15.7	    -2.322
04/06/2016	15:26:15.8	    -2.348
04/06/2016	15:26:15.9	    -2.372
04/06/2016	15:26:16.0	    -2.397
04/06/2016	15:26:16.1	    -2.422
04/06/2016	15:26:16.2	    -2.448
04/06/2016	15:26:16.3	    -2.478
04/06/2016	15:26:16.4	    -2.503
04/06/2016	15:26:16.5	    -2.532
04/06/2016	15:26:16.6	    -2.559
04/06/2016	15:26:16.7	    -2.586
04/06/2016	15:26:16.8	    -2.611
04/06/2016	15:26:16.9	    -2.637
04/06/2016	15:26:17.0	    -2.662
04/06/2016	15:26:17.1	    -2.690
04/06/2016	15:26:17.2	    -2.714
04/06/2016	15:26:17.3	    -2.743
04/06/2016	15:26:17.4	    -2.766
04/06/2016	15:26:17.5	    -2.789
04/06/2016	15:26:17.6	    -2.817
04/06/2016	15:26:17.7	    -2.841
04/06/2016	15:26:17.8	    -2.866
04/06/2016	15:26:17.9	    -2.890
04/06/2016	15:26:18.0	    -2.916
04/06/2016	15:26:18.1	    -2.938
04/06/2016	15:26:18.2	    -2.960
04/06/2016	15:26:18.3	    -2.988
04/06/2016	15:26:18.4	    -3.010
04/06/2016	15:26:18.5	    -3.031
04/06/2016	15:26:18.6	    -3.057
04/06/2016	15:26:18.7	    -3.075
04/06/2016	15:26:18.8	    -3.105
04/06/2016	15:26:18.9	    -3.129
04/06/2016	15:26:19.0	    -3.151
04/06/2016	15:26:19.1	    -3.173
04/06/2016	15:26:19.2	    -3.195
04/06/2016	15:26:19.3	    -3.215
04/06/2016	15:26:19.4	    -3.238
04/06/2016	15:26:19.5	    -3.263
04/06/2016	15:26:19.6	    -3.283
04/06/2016	15:26:19.7	    -3.302
04/06/2016	15:26:19.8	    -3.325
04/06/2016	15:26:19.9	    -3.349
04/06/2016	15:26:20.0	    -3.367
04/06/2016	15:26:20.1	    -3.391
04/06/2016	15:26:20.2	    -3.414
04/06/2016	15:26:20.3	    -3.431
04/06/2016	15:26:20.4	    -3.425
04/06/2016	15:26:20.5	    -3.409
04/06/2016	15:26:20.6	    -3.401
04/06/2016	15:26:20.7	    -3.383
04/06/2016	15:26:20.8	    -3.366
04/06/2016	15:26:20.9	    -3.347
04/06/2016	15:26:21.0	    -3.330
04/06/2016	15:26:21.1	    -3.312
04/06/2016	15:26:21.2	    -3.294
04/06/2016	15:26:21.3	    -3.276
04/06/2016	15:26:21.4	    -3.255
04/06/2016	15:26:21.5	    -3.235
04/06/2016	15:26:21.6	    -3.216
04/06/2016	15:26:21.7	    -3.197
04/06/2016	15:26:21.8	    -3.178
04/06/2016	15:26:21.9	    -3.155
04/06/2016	15:26:22.0	    -3.134
04/06/2016	15:26:22.1	    -3.113
04/06/2016	15:26:22.2	    -3.091
04/06/2016	15:26:22.3	    -3.070
04/06/2016	15:26:22.4	    -3.049
04/06/2016	15:26:22.5	    -3.029
04/06/2016	15:26:22.6	    -3.005
04/06/2016	15:26:22.7	    -2.979
04/06/2016	15:26:22.8	    -2.954
04/06/2016	15:26:22.9	    -2.930
04/06/2016	15:26:23.0	    -2.904
04/06/2016	15:26:23.1	    -2.878
04/06/2016	15:26:23.2	    -2.851
04/06/2016	15:26:23.3	    -2.821
04/06/2016	15:26:23.4	    -2.794
04/06/2016	15:26:23.5	    -2.764
04/06/2016	15:26:23.6	    -2.733
04/06/2016	15:26:23.7	    -2.704
04/06/2016	15:26:23.8	    -2.673
04/06/2016	15:26:23.9	    -2.640
04/06/2016	15:26:24.0	    -2.609
04/06/2016	15:26:24.1	    -2.577
04/06/2016	15:26:24.2	    -2.543
04/06/2016	15:26:24.3	    -2.511
04/06/2016	15:26:24.4	    -2.477
04/06/2016	15:26:24.5	    -2.444
04/06/2016	15:26:24.6	    -2.410
04/06/2016	15:26:24.7	    -2.375
04/06/2016	15:26:24.8	    -2.342
04/06/2016	15:26:24.9	    -2.309
04/06/2016	15:26:25.0	    -2.273
04/06/2016	15:26:25.1	    -2.239
04/06/2016	15:26:25.2	    -2.204
04/06/2016	15:26:25.3	    -2.182
04/06/2016	15:26:25.4	    -2.187
04/06/2016	15:26:25.5	    -2.205
04/06/2016	15:26:25.6	    -2.227
04/06/2016	15:26:25.7	    -2.249
04/06/2016	15:26:25.8	    -2.271
04/06/2016	15:26:25.9	    -2.297
04/06/2016	15:26:26.0	    -2.323
04/06/2016	15:26:26.1	    -2.350
04/06/2016	15:26:26.2	    -2.380
04/06/2016	15:26:26.3	    -2.409
04/06/2016	15:26:26.4	    -2.435
04/06/2016	15:26:26.5	    -2.460
04/06/2016	15:26:26.6	    -2.487
04/06/2016	15:26:26.7	    -2.514
04/06/2016	15:26:26.8	    -2.542
04/06/2016	15:26:26.9	    -2.568
04/06/2016	15:26:27.0	    -2.598
04/06/2016	15:26:27.1	    -2.619
04/06/2016	15:26:27.2	    -2.647
04/06/2016	15:26:27.3	    -2.674
04/06/2016	15:26:27.4	    -2.698
04/06/2016	15:26:27.5	    -2.696
04/06/2016	15:26:27.6	    -2.748
04/06/2016	15:26:27.7	    -2.773
04/06/2016	15:26:27.8	    -2.800
04/06/2016	15:26:27.9	    -2.825
04/06/2016	15:26:28.0	    -2.849
04/06/2016	15:26:28.1	    -2.877
04/06/2016	15:26:28.2	    -2.899
04/06/2016	15:26:28.3	    -2.925
04/06/2016	15:26:28.4	    -2.949
04/06/2016	15:26:28.5	    -2.971
04/06/2016	15:26:28.6	    -2.994
04/06/2016	15:26:28.7	    -3.019
04/06/2016	15:26:28.8	    -3.044
04/06/2016	15:26:28.9	    -3.066
04/06/2016	15:26:29.0	    -3.091
04/06/2016	15:26:29.1	    -3.115
04/06/2016	15:26:29.2	    -3.133
04/06/2016	15:26:29.3	    -3.156
04/06/2016	15:26:29.4	    -3.177
04/06/2016	15:26:29.5	    -3.199
04/06/2016	15:26:29.6	    -3.223
04/06/2016	15:26:29.7	    -3.246
04/06/2016	15:26:29.8	    -3.265
04/06/2016	15:26:29.9	    -3.290
04/06/2016	15:26:30.0	    -3.313
04/06/2016	15:26:30.1	    -3.337
04/06/2016	15:26:30.2	    -3.360
04/06/2016	15:26:30.3	    -3.377
04/06/2016	15:26:30.4	    -3.372
04/06/2016	15:26:30.5	    -3.357
04/06/2016	15:26:30.6	    -3.343
04/06/2016	15:26:30.7	    -3.327
04/06/2016	15:26:30.8	    -3.314
04/06/2016	15:26:30.9	    -3.292
04/06/2016	15:26:31.0	    -3.271
04/06/2016	15:26:31.1	    -3.231
04/06/2016	15:26:31.2	    -3.234
04/06/2016	15:26:31.3	    -3.214
04/06/2016	15:26:31.4	    -3.193
04/06/2016	15:26:31.5	    -3.175
04/06/2016	15:26:31.6	    -3.155
04/06/2016	15:26:31.7	    -3.131
04/06/2016	15:26:31.8	    -3.107
04/06/2016	15:26:31.9	    -3.088
04/06/2016	15:26:32.0	    -3.064
04/06/2016	15:26:32.1	    -3.042
04/06/2016	15:26:32.2	    -3.021
04/06/2016	15:26:32.3	    -3.000
04/06/2016	15:26:32.4	    -2.976
04/06/2016	15:26:32.5	    -2.959
04/06/2016	15:26:32.6	    -2.930
04/06/2016	15:26:32.7	    -2.906
04/06/2016	15:26:32.8	    -2.884
04/06/2016	15:26:32.9	    -2.836
04/06/2016	15:26:33.0	    -2.834
04/06/2016	15:26:33.1	    -2.810
04/06/2016	15:26:33.2	    -2.789
04/06/2016	15:26:33.3	    -2.755
04/06/2016	15:26:33.4	    -2.733
04/06/2016	15:26:33.5	    -2.700
04/06/2016	15:26:33.6	    -2.675
04/06/2016	15:26:33.7	    -2.644
04/06/2016	15:26:33.8	    -2.615
04/06/2016	15:26:33.9	    -2.583
04/06/2016	15:26:34.0	    -2.552
04/06/2016	15:26:34.1	    -2.519
04/06/2016	15:26:34.2	    -2.486
04/06/2016	15:26:34.3	    -2.455
04/06/2016	15:26:34.4	    -2.415
04/06/2016	15:26:34.5	    -2.384
04/06/2016	15:26:34.6	    -2.351
04/06/2016	15:26:34.7	    -2.314
04/06/2016	15:26:34.8	    -2.283
04/06/2016	15:26:34.9	    -2.245
04/06/2016	15:26:35.0	    -2.213
04/06/2016	15:26:35.1	    -2.182
04/06/2016	15:26:35.2	    -2.148
04/06/2016	15:26:35.3	    -2.121
04/06/2016	15:26:35.4	    -2.134
04/06/2016	15:26:35.5	    -2.151
04/06/2016	15:26:35.6	    -2.172
04/06/2016	15:26:35.7	    -2.197
04/06/2016	15:26:35.8	    -2.223
04/06/2016	15:26:35.9	    -2.247
04/06/2016	15:26:36.0	    -2.275
04/06/2016	15:26:36.1	    -2.299
04/06/2016	15:26:36.2	    -2.363
04/06/2016	15:26:36.3	    -2.357
04/06/2016	15:26:36.4	    -2.382
04/06/2016	15:26:36.5	    -2.409
04/06/2016	15:26:36.6	    -2.436
04/06/2016	15:26:36.7	    -2.466
04/06/2016	15:26:36.8	    -2.491
04/06/2016	15:26:36.9	    -2.520
04/06/2016	15:26:37.0	    -2.546
04/06/2016	15:26:37.1	    -2.572
04/06/2016	15:26:37.2	    -2.601
04/06/2016	15:26:37.3	    -2.624
04/06/2016	15:26:37.4	    -2.651
04/06/2016	15:26:37.5	    -2.677
04/06/2016	15:26:37.6	    -2.699
04/06/2016	15:26:37.7	    -2.728
04/06/2016	15:26:37.8	    -2.749
04/06/2016	15:26:37.9	    -2.776
04/06/2016	15:26:38.0	    -2.801
04/06/2016	15:26:38.1	    -2.828
04/06/2016	15:26:38.2	    -2.848
04/06/2016	15:26:38.3	    -2.827
04/06/2016	15:26:38.4	    -2.899
04/06/2016	15:26:38.5	    -2.919
04/06/2016	15:26:38.6	    -2.944
04/06/2016	15:26:38.7	    -2.968
04/06/2016	15:26:38.8	    -2.990
04/06/2016	15:26:38.9	    -3.013
04/06/2016	15:26:39.0	    -3.038
04/06/2016	15:26:39.1	    -3.062
04/06/2016	15:26:39.2	    -3.087
04/06/2016	15:26:39.3	    -3.110
04/06/2016	15:26:39.4	    -3.134
04/06/2016	15:26:39.5	    -3.159
04/06/2016	15:26:39.6	    -3.181
04/06/2016	15:26:39.7	    -3.204
04/06/2016	15:26:39.8	    -3.226
04/06/2016	15:26:39.9	    -3.245
04/06/2016	15:26:40.0	    -3.269
04/06/2016	15:26:40.1	    -3.280
04/06/2016	15:26:40.2	    -3.311
04/06/2016	15:26:40.3	    -3.333
04/06/2016	15:26:40.4	    -3.323
04/06/2016	15:26:40.5	    -3.310
04/06/2016	15:26:40.6	    -3.296
04/06/2016	15:26:40.7	    -3.278
04/06/2016	15:26:40.8	    -3.263
04/06/2016	15:26:40.9	    -3.243
04/06/2016	15:26:41.0	    -3.224
04/06/2016	15:26:41.1	    -3.205
04/06/2016	15:26:41.2	    -3.187
04/06/2016	15:26:41.3	    -3.165
04/06/2016	15:26:41.4	    -3.145
04/06/2016	15:26:41.5	    -3.122
04/06/2016	15:26:41.6	    -3.102
04/06/2016	15:26:41.7	    -3.080
04/06/2016	15:26:41.8	    -3.060
04/06/2016	15:26:41.9	    -3.037
04/06/2016	15:26:42.0	    -3.016
04/06/2016	15:26:42.1	    -2.997
04/06/2016	15:26:42.2	    -2.974
04/06/2016	15:26:42.3	    -2.952
04/06/2016	15:26:42.4	    -2.932
04/06/2016	15:26:42.5	    -2.907
04/06/2016	15:26:42.6	    -2.881
04/06/2016	15:26:42.7	    -2.859
04/06/2016	15:26:42.8	    -2.835
04/06/2016	15:26:42.9	    -2.812
04/06/2016	15:26:43.0	    -2.783
04/06/2016	15:26:43.1	    -2.759
04/06/2016	15:26:43.2	    -2.735
04/06/2016	15:26:43.3	    -2.705
04/06/2016	15:26:43.4	    -2.676
04/06/2016	15:26:43.5	    -2.647
04/06/2016	15:26:43.6	    -2.612
04/06/2016	15:26:43.7	    -2.596
04/06/2016	15:26:43.8	    -2.560
04/06/2016	15:26:43.9	    -2.531
04/06/2016	15:26:44.0	    -2.501
04/06/2016	15:26:44.1	    -2.472
04/06/2016	15:26:44.2	    -2.440
04/06/2016	15:26:44.3	    -2.409
04/06/2016	15:26:44.4	    -2.374
04/06/2016	15:26:44.5	    -2.339
04/06/2016	15:26:44.6	    -2.306
04/06/2016	15:26:44.7	    -2.275
04/06/2016	15:26:44.8	    -2.240
04/06/2016	15:26:44.9	    -2.204
04/06/2016	15:26:45.0	    -2.171
04/06/2016	15:26:45.1	    -2.135
04/06/2016	15:26:45.2	    -2.103
04/06/2016	15:26:45.3	    -2.079
04/06/2016	15:26:45.4	    -2.085
04/06/2016	15:26:45.5	    -2.082
04/06/2016	15:26:45.6	    -2.120
04/06/2016	15:26:45.7	    -2.148
04/06/2016	15:26:45.8	    -2.172
04/06/2016	15:26:45.9	    -2.200
04/06/2016	15:26:46.0	    -2.228
04/06/2016	15:26:46.1	    -2.258
04/06/2016	15:26:46.2	    -2.287
04/06/2016	15:26:46.3	    -2.313
04/06/2016	15:26:46.4	    -2.341
04/06/2016	15:26:46.5	    -2.368
04/06/2016	15:26:46.6	    -2.396
04/06/2016	15:26:46.7	    -2.424
04/06/2016	15:26:46.8	    -2.449
04/06/2016	15:26:46.9	    -2.475
04/06/2016	15:26:47.0	    -2.503
04/06/2016	15:26:47.1	    -2.527
04/06/2016	15:26:47.2	    -2.553
04/06/2016	15:26:47.3	    -2.578
04/06/2016	15:26:47.4	    -2.588
04/06/2016	15:26:47.5	    -2.636
04/06/2016	15:26:47.6	    -2.660
04/06/2016	15:26:47.7	    -2.686
04/06/2016	15:26:47.8	    -2.714
04/06/2016	15:26:47.9	    -2.737
04/06/2016	15:26:48.0	    -2.763
04/06/2016	15:26:48.1	    -2.787
04/06/2016	15:26:48.2	    -2.809
04/06/2016	15:26:48.3	    -2.833
04/06/2016	15:26:48.4	    -2.856
04/06/2016	15:26:48.5	    -2.878
04/06/2016	15:26:48.6	    -2.879
04/06/2016	15:26:48.7	    -2.931
04/06/2016	15:26:48.8	    -2.953
04/06/2016	15:26:48.9	    -2.979
04/06/2016	15:26:49.0	    -3.002
04/06/2016	15:26:49.1	    -3.023
04/06/2016	15:26:49.2	    -3.048
04/06/2016	15:26:49.3	    -3.071
04/06/2016	15:26:49.4	    -3.090
04/06/2016	15:26:49.5	    -3.117
04/06/2016	15:26:49.6	    -3.137
04/06/2016	15:26:49.7	    -3.162
04/06/2016	15:26:49.8	    -3.182
04/06/2016	15:26:49.9	    -3.208
04/06/2016	15:26:50.0	    -3.229
04/06/2016	15:26:50.1	    -3.253
04/06/2016	15:26:50.2	    -3.278
04/06/2016	15:26:50.3	    -3.298
04/06/2016	15:26:50.4	    -3.290
04/06/2016	15:26:50.5	    -3.279
04/06/2016	15:26:50.6	    -3.263
04/06/2016	15:26:50.7	    -3.246
04/06/2016	15:26:50.8	    -3.224
04/06/2016	15:26:50.9	    -3.209
04/06/2016	15:26:51.0	    -3.193
04/06/2016	15:26:51.1	    -3.165
04/06/2016	15:26:51.2	    -3.144
04/06/2016	15:26:51.3	    -3.123
04/06/2016	15:26:51.4	    -3.100
04/06/2016	15:26:51.5	    -3.080
04/06/2016	15:26:51.6	    -3.060
04/06/2016	15:26:51.7	    -3.040
04/06/2016	15:26:51.8	    -3.020
04/06/2016	15:26:51.9	    -3.000
04/06/2016	15:26:52.0	    -2.979
04/06/2016	15:26:52.1	    -2.958
04/06/2016	15:26:52.2	    -2.937
04/06/2016	15:26:52.3	    -2.913
04/06/2016	15:26:52.4	    -2.892
04/06/2016	15:26:52.5	    -2.863
04/06/2016	15:26:52.6	    -2.836
04/06/2016	15:26:52.7	    -2.811
04/06/2016	15:26:52.8	    -2.789
04/06/2016	15:26:52.9	    -2.765
04/06/2016	15:26:53.0	    -2.742
04/06/2016	15:26:53.1	    -2.715
04/06/2016	15:26:53.2	    -2.690
04/06/2016	15:26:53.3	    -2.664
04/06/2016	15:26:53.4	    -2.637
04/06/2016	15:26:53.5	    -2.612
04/06/2016	15:26:53.6	    -2.583
04/06/2016	15:26:53.7	    -2.554
04/06/2016	15:26:53.8	    -2.524
04/06/2016	15:26:53.9	    -2.495
04/06/2016	15:26:54.0	    -2.462
04/06/2016	15:26:54.1	    -2.428
04/06/2016	15:26:54.2	    -2.398
04/06/2016	15:26:54.3	    -2.366
04/06/2016	15:26:54.4	    -2.332
04/06/2016	15:26:54.5	    -2.300
04/06/2016	15:26:54.6	    -2.269
04/06/2016	15:26:54.7	    -2.234
04/06/2016	15:26:54.8	    -2.201
04/06/2016	15:26:54.9	    -2.165
04/06/2016	15:26:55.0	    -2.130
04/06/2016	15:26:55.1	    -2.094
04/06/2016	15:26:55.2	    -2.060
04/06/2016	15:26:55.3	    -2.034
04/06/2016	15:26:55.4	    -2.044
04/06/2016	15:26:55.5	    -2.065
04/06/2016	15:26:55.6	    -2.089
04/06/2016	15:26:55.7	    -2.115
04/06/2016	15:26:55.8	    -2.141
04/06/2016	15:26:55.9	    -2.169
04/06/2016	15:26:56.0	    -2.195
04/06/2016	15:26:56.1	    -2.223
04/06/2016	15:26:56.2	    -2.253
04/06/2016	15:26:56.3	    -2.276
04/06/2016	15:26:56.4	    -2.304
04/06/2016	15:26:56.5	    -2.332
04/06/2016	15:26:56.6	    -2.361
04/06/2016	15:26:56.7	    -2.390
04/06/2016	15:26:56.8	    -2.417
04/06/2016	15:26:56.9	    -2.445
04/06/2016	15:26:57.0	    -2.469
04/06/2016	15:26:57.1	    -2.499
04/06/2016	15:26:57.2	    -2.522
04/06/2016	15:26:57.3	    -2.548
04/06/2016	15:26:57.4	    -2.575
04/06/2016	15:26:57.5	    -2.598
04/06/2016	15:26:57.6	    -2.621
04/06/2016	15:26:57.7	    -2.645
04/06/2016	15:26:57.8	    -2.673
04/06/2016	15:26:57.9	    -2.698
04/06/2016	15:26:58.0	    -2.722
04/06/2016	15:26:58.1	    -2.747
04/06/2016	15:26:58.2	    -2.774
04/06/2016	15:26:58.3	    -2.789
04/06/2016	15:26:58.4	    -2.821
04/06/2016	15:26:58.5	    -2.844
04/06/2016	15:26:58.6	    -2.866
04/06/2016	15:26:58.7	    -2.892
04/06/2016	15:26:58.8	    -2.917
04/06/2016	15:26:58.9	    -2.942
04/06/2016	15:26:59.0	    -2.964
04/06/2016	15:26:59.1	    -2.993
04/06/2016	15:26:59.2	    -3.017
04/06/2016	15:26:59.3	    -3.038
04/06/2016	15:26:59.4	    -3.065
04/06/2016	15:26:59.5	    -3.083
04/06/2016	15:26:59.6	    -3.105
04/06/2016	15:26:59.7	    -3.126
04/06/2016	15:26:59.8	    -3.149
04/06/2016	15:26:59.9	    -3.173
04/06/2016	15:27:00.0	    -3.192
04/06/2016	15:27:00.1	    -3.224
04/06/2016	15:27:00.2	    -3.242
04/06/2016	15:27:00.3	    -3.268
04/06/2016	15:27:00.4	    -3.259
04/06/2016	15:27:00.5	    -3.244
04/06/2016	15:27:00.6	    -3.229
04/06/2016	15:27:00.7	    -3.210
04/06/2016	15:27:00.8	    -3.191
04/06/2016	15:27:00.9	    -3.171
04/06/2016	15:27:01.0	    -3.157
04/06/2016	15:27:01.1	    -3.129
04/06/2016	15:27:01.2	    -3.111
04/06/2016	15:27:01.3	    -3.092
04/06/2016	15:27:01.4	    -3.071
04/06/2016	15:27:01.5	    -3.053
04/06/2016	15:27:01.6	    -3.030
04/06/2016	15:27:01.7	    -3.006
04/06/2016	15:27:01.8	    -2.983
04/06/2016	15:27:01.9	    -2.960
04/06/2016	15:27:02.0	    -2.938
04/06/2016	15:27:02.1	    -2.917
04/06/2016	15:27:02.2	    -2.891
04/06/2016	15:27:02.3	    -2.871
04/06/2016	15:27:02.4	    -2.856
04/06/2016	15:27:02.5	    -2.823
04/06/2016	15:27:02.6	    -2.801
04/06/2016	15:27:02.7	    -2.775
04/06/2016	15:27:02.8	    -2.749
04/06/2016	15:27:02.9	    -2.726
04/06/2016	15:27:03.0	    -2.700
04/06/2016	15:27:03.1	    -2.676
04/06/2016	15:27:03.2	    -2.654
04/06/2016	15:27:03.3	    -2.629
04/06/2016	15:27:03.4	    -2.603
04/06/2016	15:27:03.5	    -2.575
04/06/2016	15:27:03.6	    -2.550
04/06/2016	15:27:03.7	    -2.521
04/06/2016	15:27:03.8	    -2.497
04/06/2016	15:27:03.9	    -2.462
04/06/2016	15:27:04.0	    -2.427
04/06/2016	15:27:04.1	    -2.395
04/06/2016	15:27:04.2	    -2.364
04/06/2016	15:27:04.3	    -2.332
04/06/2016	15:27:04.4	    -2.298
04/06/2016	15:27:04.5	    -2.269
04/06/2016	15:27:04.6	    -2.236
04/06/2016	15:27:04.7	    -2.201
04/06/2016	15:27:04.8	    -2.169
04/06/2016	15:27:04.9	    -2.135
04/06/2016	15:27:05.0	    -2.098
04/06/2016	15:27:05.1	    -2.067
04/06/2016	15:27:05.2	    -2.032
04/06/2016	15:27:05.3	    -2.002
04/06/2016	15:27:05.4	    -2.018
04/06/2016	15:27:05.5	    -2.032
04/06/2016	15:27:05.6	    -2.057
04/06/2016	15:27:05.7	    -2.082
04/06/2016	15:27:05.8	    -2.105
04/06/2016	15:27:05.9	    -2.137
04/06/2016	15:27:06.0	    -2.167
04/06/2016	15:27:06.1	    -2.198
04/06/2016	15:27:06.2	    -2.223
04/06/2016	15:27:06.3	    -2.249
04/06/2016	15:27:06.4	    -2.276
04/06/2016	15:27:06.5	    -2.304
04/06/2016	15:27:06.6	    -2.332
04/06/2016	15:27:06.7	    -2.358
04/06/2016	15:27:06.8	    -2.388
04/06/2016	15:27:06.9	    -2.415
04/06/2016	15:27:07.0	    -2.435
04/06/2016	15:27:07.1	    -2.461
04/06/2016	15:27:07.2	    -2.489
04/06/2016	15:27:07.3	    -2.513
04/06/2016	15:27:07.4	    -2.537
04/06/2016	15:27:07.5	    -2.616
04/06/2016	15:27:07.6	    -2.595
04/06/2016	15:27:07.7	    -2.621
04/06/2016	15:27:07.8	    -2.647
04/06/2016	15:27:07.9	    -2.674
04/06/2016	15:27:08.0	    -2.696
04/06/2016	15:27:08.1	    -2.717
04/06/2016	15:27:08.2	    -2.743
04/06/2016	15:27:08.3	    -2.765
04/06/2016	15:27:08.4	    -2.791
04/06/2016	15:27:08.5	    -2.818
04/06/2016	15:27:08.6	    -2.843
04/06/2016	15:27:08.7	    -2.867
04/06/2016	15:27:08.8	    -2.890
04/06/2016	15:27:08.9	    -2.914
04/06/2016	15:27:09.0	    -2.935
04/06/2016	15:27:09.1	    -2.959
04/06/2016	15:27:09.2	    -2.982
04/06/2016	15:27:09.3	    -3.007
04/06/2016	15:27:09.4	    -3.027
04/06/2016	15:27:09.5	    -3.053
04/06/2016	15:27:09.6	    -3.076
04/06/2016	15:27:09.7	    -3.098
04/06/2016	15:27:09.8	    -3.120
04/06/2016	15:27:09.9	    -3.144
04/06/2016	15:27:10.0	    -3.168
04/06/2016	15:27:10.1	    -3.189
04/06/2016	15:27:10.2	    -3.213
04/06/2016	15:27:10.3	    -3.238
04/06/2016	15:27:10.4	    -3.230
04/06/2016	15:27:10.5	    -3.217
04/06/2016	15:27:10.6	    -3.200
04/06/2016	15:27:10.7	    -3.182
04/06/2016	15:27:10.8	    -3.163
04/06/2016	15:27:10.9	    -3.143
04/06/2016	15:27:11.0	    -3.121
04/06/2016	15:27:11.1	    -3.101
04/06/2016	15:27:11.2	    -3.009
04/06/2016	15:27:11.3	    -3.062
04/06/2016	15:27:11.4	    -3.041
04/06/2016	15:27:11.5	    -3.025
04/06/2016	15:27:11.6	    -3.002
04/06/2016	15:27:11.7	    -2.976
04/06/2016	15:27:11.8	    -2.955
04/06/2016	15:27:11.9	    -2.933
04/06/2016	15:27:12.0	    -2.908
04/06/2016	15:27:12.1	    -2.887
04/06/2016	15:27:12.2	    -2.867
04/06/2016	15:27:12.3	    -2.844
04/06/2016	15:27:12.4	    -2.825
04/06/2016	15:27:12.5	    -2.797
04/06/2016	15:27:12.6	    -2.773
04/06/2016	15:27:12.7	    -2.746
04/06/2016	15:27:12.8	    -2.721
04/06/2016	15:27:12.9	    -2.698
04/06/2016	15:27:13.0	    -2.648
04/06/2016	15:27:13.1	    -2.648
04/06/2016	15:27:13.2	    -2.625
04/06/2016	15:27:13.3	    -2.598
04/06/2016	15:27:13.4	    -2.584
04/06/2016	15:27:13.5	    -2.544
04/06/2016	15:27:13.6	    -2.518
04/06/2016	15:27:13.7	    -2.488
04/06/2016	15:27:13.8	    -2.456
04/06/2016	15:27:13.9	    -2.425
04/06/2016	15:27:14.0	    -2.397
04/06/2016	15:27:14.1	    -2.365
04/06/2016	15:27:14.2	    -2.336
04/06/2016	15:27:14.3	    -2.302
04/06/2016	15:27:14.4	    -2.271
04/06/2016	15:27:14.5	    -2.239
04/06/2016	15:27:14.6	    -2.204
04/06/2016	15:27:14.7	    -2.170
04/06/2016	15:27:14.8	    -2.137
04/06/2016	15:27:14.9	    -2.107
04/06/2016	15:27:15.0	    -2.075
04/06/2016	15:27:15.1	    -2.039
04/06/2016	15:27:15.2	    -2.009
04/06/2016	15:27:15.3	    -1.978
04/06/2016	15:27:15.4	    -1.985
04/06/2016	15:27:15.5	    -2.002
04/06/2016	15:27:15.6	    -2.026
04/06/2016	15:27:15.7	    -2.050
04/06/2016	15:27:15.8	    -2.077
04/06/2016	15:27:15.9	    -2.109
04/06/2016	15:27:16.0	    -2.140
04/06/2016	15:27:16.1	    -2.166
04/06/2016	15:27:16.2	    -2.195
04/06/2016	15:27:16.3	    -2.222
04/06/2016	15:27:16.4	    -2.250
04/06/2016	15:27:16.5	    -2.271
04/06/2016	15:27:16.6	    -2.300
04/06/2016	15:27:16.7	    -2.331
04/06/2016	15:27:16.8	    -2.355
04/06/2016	15:27:16.9	    -2.383
04/06/2016	15:27:17.0	    -2.409
04/06/2016	15:27:17.1	    -2.436
04/06/2016	15:27:17.2	    -2.459
04/06/2016	15:27:17.3	    -2.486
04/06/2016	15:27:17.4	    -2.514
04/06/2016	15:27:17.5	    -2.536
04/06/2016	15:27:17.6	    -2.563
04/06/2016	15:27:17.7	    -2.590
04/06/2016	15:27:17.8	    -2.616
04/06/2016	15:27:17.9	    -2.642
04/06/2016	15:27:18.0	    -2.667
04/06/2016	15:27:18.1	    -2.690
04/06/2016	15:27:18.2	    -2.712
04/06/2016	15:27:18.3	    -2.738
04/06/2016	15:27:18.4	    -2.763
04/06/2016	15:27:18.5	    -2.783
04/06/2016	15:27:18.6	    -2.810
04/06/2016	15:27:18.7	    -2.836
04/06/2016	15:27:18.8	    -2.859
04/06/2016	15:27:18.9	    -2.881
04/06/2016	15:27:19.0	    -2.903
04/06/2016	15:27:19.1	    -2.930
04/06/2016	15:27:19.2	    -2.954
04/06/2016	15:27:19.3	    -2.979
04/06/2016	15:27:19.4	    -3.004
04/06/2016	15:27:19.5	    -3.027
04/06/2016	15:27:19.6	    -3.049
04/06/2016	15:27:19.7	    -3.073
04/06/2016	15:27:19.8	    -3.094
04/06/2016	15:27:19.9	    -3.114
04/06/2016	15:27:20.0	    -3.140
04/06/2016	15:27:20.1	    -3.163
04/06/2016	15:27:20.2	    -3.188
04/06/2016	15:27:20.3	    -3.186
04/06/2016	15:27:20.4	    -3.206
04/06/2016	15:27:20.5	    -3.191
04/06/2016	15:27:20.6	    -3.174
04/06/2016	15:27:20.7	    -3.152
04/06/2016	15:27:20.8	    -3.134
04/06/2016	15:27:20.9	    -3.115
04/06/2016	15:27:21.0	    -3.098
04/06/2016	15:27:21.1	    -3.077
04/06/2016	15:27:21.2	    -3.058
04/06/2016	15:27:21.3	    -3.035
04/06/2016	15:27:21.4	    -3.015
04/06/2016	15:27:21.5	    -2.993
04/06/2016	15:27:21.6	    -2.970
04/06/2016	15:27:21.7	    -2.946
04/06/2016	15:27:21.8	    -2.924
04/06/2016	15:27:21.9	    -2.901
04/06/2016	15:27:22.0	    -2.881
04/06/2016	15:27:22.1	    -2.862
04/06/2016	15:27:22.2	    -2.837
04/06/2016	15:27:22.3	    -2.819
04/06/2016	15:27:22.4	    -2.793
04/06/2016	15:27:22.5	    -2.765
04/06/2016	15:27:22.6	    -2.741
04/06/2016	15:27:22.7	    -2.720
04/06/2016	15:27:22.8	    -2.695
04/06/2016	15:27:22.9	    -2.673
04/06/2016	15:27:23.0	    -2.645
04/06/2016	15:27:23.1	    -2.618
04/06/2016	15:27:23.2	    -2.593
04/06/2016	15:27:23.3	    -2.563
04/06/2016	15:27:23.4	    -2.536
04/06/2016	15:27:23.5	    -2.514
04/06/2016	15:27:23.6	    -2.490
04/06/2016	15:27:23.7	    -2.462
04/06/2016	15:27:23.8	    -2.433
04/06/2016	15:27:23.9	    -2.406
04/06/2016	15:27:24.0	    -2.372
04/06/2016	15:27:24.1	    -2.339
04/06/2016	15:27:24.2	    -2.307
04/06/2016	15:27:24.3	    -2.275
04/06/2016	15:27:24.4	    -2.246
04/06/2016	15:27:24.5	    -2.214
04/06/2016	15:27:24.6	    -2.183
04/06/2016	15:27:24.7	    -2.149
04/06/2016	15:27:24.8	    -2.115
04/06/2016	15:27:24.9	    -2.079
04/06/2016	15:27:25.0	    -2.045
04/06/2016	15:27:25.1	    -2.011
04/06/2016	15:27:25.2	    -1.977
04/06/2016	15:27:25.3	    -1.947
04/06/2016	15:27:25.4	    -1.957
04/06/2016	15:27:25.5	    -1.977
04/06/2016	15:27:25.6	    -2.000
04/06/2016	15:27:25.7	    -2.025
04/06/2016	15:27:25.8	    -2.053
04/06/2016	15:27:25.9	    -2.068
04/06/2016	15:27:26.0	    -2.106
04/06/2016	15:27:26.1	    -2.134
04/06/2016	15:27:26.2	    -2.162
04/06/2016	15:27:26.3	    -2.191
04/06/2016	15:27:26.4	    -2.219
04/06/2016	15:27:26.5	    -2.248
04/06/2016	15:27:26.6	    -2.274
04/06/2016	15:27:26.7	    -2.299
04/06/2016	15:27:26.8	    -2.326
04/06/2016	15:27:26.9	    -2.354
04/06/2016	15:27:27.0	    -2.383
04/06/2016	15:27:27.1	    -2.408
04/06/2016	15:27:27.2	    -2.437
04/06/2016	15:27:27.3	    -2.463
04/06/2016	15:27:27.4	    -2.490
04/06/2016	15:27:27.5	    -2.514
04/06/2016	15:27:27.6	    -2.546
04/06/2016	15:27:27.7	    -2.560
04/06/2016	15:27:27.8	    -2.585
04/06/2016	15:27:27.9	    -2.612
04/06/2016	15:27:28.0	    -2.642
04/06/2016	15:27:28.1	    -2.666
04/06/2016	15:27:28.2	    -2.691
04/06/2016	15:27:28.3	    -2.717
04/06/2016	15:27:28.4	    -2.737
04/06/2016	15:27:28.5	    -2.760
04/06/2016	15:27:28.6	    -2.787
04/06/2016	15:27:28.7	    -2.809
04/06/2016	15:27:28.8	    -2.834
04/06/2016	15:27:28.9	    -2.861
04/06/2016	15:27:29.0	    -2.885
04/06/2016	15:27:29.1	    -2.908
04/06/2016	15:27:29.2	    -2.931
04/06/2016	15:27:29.3	    -2.954
04/06/2016	15:27:29.4	    -2.976
04/06/2016	15:27:29.5	    -2.996
04/06/2016	15:27:29.6	    -3.021
04/06/2016	15:27:29.7	    -3.044
04/06/2016	15:27:29.8	    -3.072
04/06/2016	15:27:29.9	    -3.098
04/06/2016	15:27:30.0	    -3.119
04/06/2016	15:27:30.1	    -3.142
04/06/2016	15:27:30.2	    -3.165
04/06/2016	15:27:30.3	    -3.188
04/06/2016	15:27:30.4	    -3.181
04/06/2016	15:27:30.5	    -3.165
04/06/2016	15:27:30.6	    -3.148
04/06/2016	15:27:30.7	    -3.132
04/06/2016	15:27:30.8	    -3.114
04/06/2016	15:27:30.9	    -3.091
04/06/2016	15:27:31.0	    -3.071
04/06/2016	15:27:31.1	    -3.049
04/06/2016	15:27:31.2	    -3.026
04/06/2016	15:27:31.3	    -3.006
04/06/2016	15:27:31.4	    -2.990
04/06/2016	15:27:31.5	    -2.957
04/06/2016	15:27:31.6	    -2.946
04/06/2016	15:27:31.7	    -2.925
04/06/2016	15:27:31.8	    -2.900
04/06/2016	15:27:31.9	    -2.877
04/06/2016	15:27:32.0	    -2.852
04/06/2016	15:27:32.1	    -2.828
04/06/2016	15:27:32.2	    -2.807
04/06/2016	15:27:32.3	    -2.791
04/06/2016	15:27:32.4	    -2.765
04/06/2016	15:27:32.5	    -2.738
04/06/2016	15:27:32.6	    -2.717
04/06/2016	15:27:32.7	    -2.692
04/06/2016	15:27:32.8	    -2.665
04/06/2016	15:27:32.9	    -2.639
04/06/2016	15:27:33.0	    -2.615
04/06/2016	15:27:33.1	    -2.592
04/06/2016	15:27:33.2	    -2.565
04/06/2016	15:27:33.3	    -2.540
04/06/2016	15:27:33.4	    -2.515
04/06/2016	15:27:33.5	    -2.486
04/06/2016	15:27:33.6	    -2.460
04/06/2016	15:27:33.7	    -2.432
04/06/2016	15:27:33.8	    -2.401
04/06/2016	15:27:33.9	    -2.374
04/06/2016	15:27:34.0	    -2.342
04/06/2016	15:27:34.1	    -2.313
04/06/2016	15:27:34.2	    -2.288
04/06/2016	15:27:34.3	    -2.236
04/06/2016	15:27:34.4	    -2.225
04/06/2016	15:27:34.5	    -2.192
04/06/2016	15:27:34.6	    -2.156
04/06/2016	15:27:34.7	    -2.119
04/06/2016	15:27:34.8	    -2.089
04/06/2016	15:27:34.9	    -2.056
04/06/2016	15:27:35.0	    -2.021
04/06/2016	15:27:35.1	    -1.987
04/06/2016	15:27:35.2	    -1.951
04/06/2016	15:27:35.3	    -1.920
04/06/2016	15:27:35.4	    -1.920
04/06/2016	15:27:35.5	    -1.948
04/06/2016	15:27:35.6	    -1.967
04/06/2016	15:27:35.7	    -1.999
04/06/2016	15:27:35.8	    -2.029
04/06/2016	15:27:35.9	    -2.058
04/06/2016	15:27:36.0	    -2.087
04/06/2016	15:27:36.1	    -2.112
04/06/2016	15:27:36.2	    -2.139
04/06/2016	15:27:36.3	    -2.166
04/06/2016	15:27:36.4	    -2.191
04/06/2016	15:27:36.5	    -2.223
04/06/2016	15:27:36.6	    -2.247
04/06/2016	15:27:36.7	    -2.277
04/06/2016	15:27:36.8	    -2.392
04/06/2016	15:27:36.9	    -2.330
04/06/2016	15:27:37.0	    -2.355
04/06/2016	15:27:37.1	    -2.380
04/06/2016	15:27:37.2	    -2.408
04/06/2016	15:27:37.3	    -2.433
04/06/2016	15:27:37.4	    -2.458
04/06/2016	15:27:37.5	    -2.483
04/06/2016	15:27:37.6	    -2.511
04/06/2016	15:27:37.7	    -2.538
04/06/2016	15:27:37.8	    -2.564
04/06/2016	15:27:37.9	    -2.591
04/06/2016	15:27:38.0	    -2.615
04/06/2016	15:27:38.1	    -2.638
04/06/2016	15:27:38.2	    -2.662
04/06/2016	15:27:38.3	    -2.685
04/06/2016	15:27:38.4	    -2.709
04/06/2016	15:27:38.5	    -2.738
04/06/2016	15:27:38.6	    -2.759
04/06/2016	15:27:38.7	    -2.784
04/06/2016	15:27:38.8	    -2.810
04/06/2016	15:27:38.9	    -2.832
04/06/2016	15:27:39.0	    -2.859
04/06/2016	15:27:39.1	    -2.882
04/06/2016	15:27:39.2	    -2.946
04/06/2016	15:27:39.3	    -2.930
END DATA