VIRTUALBENCH-LOGGER 2.1 REPORT
NATIONAL INSTRUMENTS
DATE CREATED	15:56:51	04/09/2016

USER	


START COMMENT


END COMMENT

START DATA
Date	Time	Ch0(V)
04/09/2016	15:59:12.8	    -3.228
04/09/2016	15:59:12.9	    -3.227
04/09/2016	15:59:13.0	    -3.227
04/09/2016	15:59:13.1	    -3.225
04/09/2016	15:59:13.2	    -3.225
04/09/2016	15:59:13.3	    -3.228
04/09/2016	15:59:13.4	    -3.229
04/09/2016	15:59:13.5	    -3.226
04/09/2016	15:59:13.6	    -3.226
04/09/2016	15:59:13.7	    -3.227
04/09/2016	15:59:13.8	    -3.224
04/09/2016	15:59:13.9	    -3.226
04/09/2016	15:59:14.0	    -3.226
04/09/2016	15:59:14.1	    -3.227
04/09/2016	15:59:14.2	    -3.225
04/09/2016	15:59:14.3	    -3.225
04/09/2016	15:59:14.4	    -3.227
04/09/2016	15:59:14.5	    -3.224
04/09/2016	15:59:14.6	    -3.226
04/09/2016	15:59:14.7	    -3.227
04/09/2016	15:59:14.8	    -3.227
04/09/2016	15:59:14.9	    -3.223
04/09/2016	15:59:15.0	    -3.224
04/09/2016	15:59:15.1	    -3.227
04/09/2016	15:59:15.2	    -3.227
04/09/2016	15:59:15.3	    -3.223
04/09/2016	15:59:15.4	    -3.224
04/09/2016	15:59:15.5	    -3.227
04/09/2016	15:59:15.6	    -3.225
04/09/2016	15:59:15.7	    -3.223
04/09/2016	15:59:15.8	    -3.226
04/09/2016	15:59:15.9	    -3.225
04/09/2016	15:59:16.0	    -3.228
04/09/2016	15:59:16.1	    -3.223
04/09/2016	15:59:16.2	    -3.230
04/09/2016	15:59:16.3	    -3.226
04/09/2016	15:59:16.4	    -3.205
04/09/2016	15:59:16.5	    -3.187
04/09/2016	15:59:16.6	    -3.164
04/09/2016	15:59:16.7	    -3.137
04/09/2016	15:59:16.8	    -3.105
04/09/2016	15:59:16.9	    -3.073
04/09/2016	15:59:17.0	    -3.031
04/09/2016	15:59:17.1	    -3.004
04/09/2016	15:59:17.2	    -2.968
04/09/2016	15:59:17.3	    -2.929
04/09/2016	15:59:17.4	    -2.889
04/09/2016	15:59:17.5	    -2.848
04/09/2016	15:59:17.6	    -2.805
04/09/2016	15:59:17.7	    -2.761
04/09/2016	15:59:17.8	    -2.711
04/09/2016	15:59:17.9	    -2.668
04/09/2016	15:59:18.0	    -2.623
04/09/2016	15:59:18.1	    -2.575
04/09/2016	15:59:18.2	    -2.522
04/09/2016	15:59:18.3	    -2.468
04/09/2016	15:59:18.4	    -2.417
04/09/2016	15:59:18.5	    -2.365
04/09/2016	15:59:18.6	    -2.311
04/09/2016	15:59:18.7	    -2.252
04/09/2016	15:59:18.8	    -2.193
04/09/2016	15:59:18.9	    -2.134
04/09/2016	15:59:19.0	    -2.077
04/09/2016	15:59:19.1	    -2.020
04/09/2016	15:59:19.2	    -1.955
04/09/2016	15:59:19.3	    -1.894
04/09/2016	15:59:19.4	    -1.830
04/09/2016	15:59:19.5	    -1.766
04/09/2016	15:59:19.6	    -1.698
04/09/2016	15:59:19.7	    -1.632
04/09/2016	15:59:19.8	    -1.567
04/09/2016	15:59:19.9	    -1.500
04/09/2016	15:59:20.0	    -1.431
04/09/2016	15:59:20.1	    -1.357
04/09/2016	15:59:20.2	    -1.287
04/09/2016	15:59:20.3	    -1.216
04/09/2016	15:59:20.4	    -1.140
04/09/2016	15:59:20.5	    -1.068
04/09/2016	15:59:20.6	    -0.992
04/09/2016	15:59:20.7	    -0.920
04/09/2016	15:59:20.8	    -0.842
04/09/2016	15:59:20.9	    -0.764
04/09/2016	15:59:21.0	    -0.688
04/09/2016	15:59:21.1	    -0.609
04/09/2016	15:59:21.2	    -0.562
04/09/2016	15:59:21.3	    -0.559
04/09/2016	15:59:21.4	    -0.572
04/09/2016	15:59:21.5	    -0.594
04/09/2016	15:59:21.6	    -0.625
04/09/2016	15:59:21.7	    -0.661
04/09/2016	15:59:21.8	    -0.699
04/09/2016	15:59:21.9	    -0.742
04/09/2016	15:59:22.0	    -0.787
04/09/2016	15:59:22.1	    -0.834
04/09/2016	15:59:22.2	    -0.883
04/09/2016	15:59:22.3	    -0.935
04/09/2016	15:59:22.4	    -0.984
04/09/2016	15:59:22.5	    -1.038
04/09/2016	15:59:22.6	    -1.095
04/09/2016	15:59:22.7	    -1.147
04/09/2016	15:59:22.8	    -1.202
04/09/2016	15:59:22.9	    -1.256
04/09/2016	15:59:23.0	    -1.310
04/09/2016	15:59:23.1	    -1.363
04/09/2016	15:59:23.2	    -1.418
04/09/2016	15:59:23.3	    -1.474
04/09/2016	15:59:23.4	    -1.527
04/09/2016	15:59:23.5	    -1.582
04/09/2016	15:59:23.6	    -1.637
04/09/2016	15:59:23.7	    -1.690
04/09/2016	15:59:23.8	    -1.744
04/09/2016	15:59:23.9	    -1.794
04/09/2016	15:59:24.0	    -1.850
04/09/2016	15:59:24.1	    -1.902
04/09/2016	15:59:24.2	    -1.954
04/09/2016	15:59:24.3	    -2.004
04/09/2016	15:59:24.4	    -2.057
04/09/2016	15:59:24.5	    -2.111
04/09/2016	15:59:24.6	    -2.158
04/09/2016	15:59:24.7	    -2.206
04/09/2016	15:59:24.8	    -2.257
04/09/2016	15:59:24.9	    -2.309
04/09/2016	15:59:25.0	    -2.351
04/09/2016	15:59:25.1	    -2.402
04/09/2016	15:59:25.2	    -2.451
04/09/2016	15:59:25.3	    -2.494
04/09/2016	15:59:25.4	    -2.542
04/09/2016	15:59:25.5	    -2.585
04/09/2016	15:59:25.6	    -2.630
04/09/2016	15:59:25.7	    -2.674
04/09/2016	15:59:25.8	    -2.718
04/09/2016	15:59:25.9	    -2.759
04/09/2016	15:59:26.0	    -2.800
04/09/2016	15:59:26.1	    -2.838
04/09/2016	15:59:26.2	    -2.873
04/09/2016	15:59:26.3	    -2.870
04/09/2016	15:59:26.4	    -2.851
04/09/2016	15:59:26.5	    -2.821
04/09/2016	15:59:26.6	    -2.796
04/09/2016	15:59:26.7	    -2.759
04/09/2016	15:59:26.8	    -2.722
04/09/2016	15:59:26.9	    -2.676
04/09/2016	15:59:27.0	    -2.634
04/09/2016	15:59:27.1	    -2.587
04/09/2016	15:59:27.2	    -2.546
04/09/2016	15:59:27.3	    -2.507
04/09/2016	15:59:27.4	    -2.447
04/09/2016	15:59:27.5	    -2.401
04/09/2016	15:59:27.6	    -2.348
04/09/2016	15:59:27.7	    -2.300
04/09/2016	15:59:27.8	    -2.245
04/09/2016	15:59:27.9	    -2.208
04/09/2016	15:59:28.0	    -2.142
04/09/2016	15:59:28.1	    -2.078
04/09/2016	15:59:28.2	    -2.029
04/09/2016	15:59:28.3	    -1.976
04/09/2016	15:59:28.4	    -1.918
04/09/2016	15:59:28.5	    -1.862
04/09/2016	15:59:28.6	    -1.809
04/09/2016	15:59:28.7	    -1.752
04/09/2016	15:59:28.8	    -1.689
04/09/2016	15:59:28.9	    -1.630
04/09/2016	15:59:29.0	    -1.575
04/09/2016	15:59:29.1	    -1.512
04/09/2016	15:59:29.2	    -1.452
04/09/2016	15:59:29.3	    -1.396
04/09/2016	15:59:29.4	    -1.337
04/09/2016	15:59:29.5	    -1.276
04/09/2016	15:59:29.6	    -1.220
04/09/2016	15:59:29.7	    -1.155
04/09/2016	15:59:29.8	    -1.098
04/09/2016	15:59:29.9	    -1.036
04/09/2016	15:59:30.0	    -0.975
04/09/2016	15:59:30.1	    -0.916
04/09/2016	15:59:30.2	    -0.857
04/09/2016	15:59:30.3	    -0.796
04/09/2016	15:59:30.4	    -0.735
04/09/2016	15:59:30.5	    -0.675
04/09/2016	15:59:30.6	    -0.612
04/09/2016	15:59:30.7	    -0.548
04/09/2016	15:59:30.8	    -0.489
04/09/2016	15:59:30.9	    -0.424
04/09/2016	15:59:31.0	    -0.359
04/09/2016	15:59:31.1	    -0.294
04/09/2016	15:59:31.2	    -0.263
04/09/2016	15:59:31.3	    -0.277
04/09/2016	15:59:31.4	    -0.342
04/09/2016	15:59:31.5	    -0.350
04/09/2016	15:59:31.6	    -0.387
04/09/2016	15:59:31.7	    -0.432
04/09/2016	15:59:31.8	    -0.482
04/09/2016	15:59:31.9	    -0.504
04/09/2016	15:59:32.0	    -0.583
04/09/2016	15:59:32.1	    -0.636
04/09/2016	15:59:32.2	    -0.694
04/09/2016	15:59:32.3	    -0.755
04/09/2016	15:59:32.4	    -0.808
04/09/2016	15:59:32.5	    -0.868
04/09/2016	15:59:32.6	    -0.927
04/09/2016	15:59:32.7	    -0.986
04/09/2016	15:59:32.8	    -1.041
04/09/2016	15:59:32.9	    -1.095
04/09/2016	15:59:33.0	    -1.157
04/09/2016	15:59:33.1	    -1.217
04/09/2016	15:59:33.2	    -1.273
04/09/2016	15:59:33.3	    -1.330
04/09/2016	15:59:33.4	    -1.396
04/09/2016	15:59:33.5	    -1.448
04/09/2016	15:59:33.6	    -1.505
04/09/2016	15:59:33.7	    -1.567
04/09/2016	15:59:33.8	    -1.620
04/09/2016	15:59:33.9	    -1.689
04/09/2016	15:59:34.0	    -1.733
04/09/2016	15:59:34.1	    -1.789
04/09/2016	15:59:34.2	    -1.847
04/09/2016	15:59:34.3	    -1.900
04/09/2016	15:59:34.4	    -1.955
04/09/2016	15:59:34.5	    -2.014
04/09/2016	15:59:34.6	    -2.065
04/09/2016	15:59:34.7	    -2.115
04/09/2016	15:59:34.8	    -2.169
04/09/2016	15:59:34.9	    -2.224
04/09/2016	15:59:35.0	    -2.276
04/09/2016	15:59:35.1	    -2.325
04/09/2016	15:59:35.2	    -2.376
04/09/2016	15:59:35.3	    -2.428
04/09/2016	15:59:35.4	    -2.479
04/09/2016	15:59:35.5	    -2.523
04/09/2016	15:59:35.6	    -2.570
04/09/2016	15:59:35.7	    -2.616
04/09/2016	15:59:35.8	    -2.667
04/09/2016	15:59:35.9	    -2.708
04/09/2016	15:59:36.0	    -2.749
04/09/2016	15:59:36.1	    -2.794
04/09/2016	15:59:36.2	    -2.828
04/09/2016	15:59:36.3	    -2.815
04/09/2016	15:59:36.4	    -2.794
04/09/2016	15:59:36.5	    -2.765
04/09/2016	15:59:36.6	    -2.729
04/09/2016	15:59:36.7	    -2.688
04/09/2016	15:59:36.8	    -2.647
04/09/2016	15:59:36.9	    -2.602
04/09/2016	15:59:37.0	    -2.549
04/09/2016	15:59:37.1	    -2.507
04/09/2016	15:59:37.2	    -2.462
04/09/2016	15:59:37.3	    -2.403
04/09/2016	15:59:37.4	    -2.353
04/09/2016	15:59:37.5	    -2.305
04/09/2016	15:59:37.6	    -2.247
04/09/2016	15:59:37.7	    -2.190
04/09/2016	15:59:37.8	    -2.139
04/09/2016	15:59:37.9	    -2.088
04/09/2016	15:59:38.0	    -2.033
04/09/2016	15:59:38.1	    -1.966
04/09/2016	15:59:38.2	    -1.908
04/09/2016	15:59:38.3	    -1.852
04/09/2016	15:59:38.4	    -1.779
04/09/2016	15:59:38.5	    -1.728
04/09/2016	15:59:38.6	    -1.677
04/09/2016	15:59:38.7	    -1.618
04/09/2016	15:59:38.8	    -1.555
04/09/2016	15:59:38.9	    -1.499
04/09/2016	15:59:39.0	    -1.436
04/09/2016	15:59:39.1	    -1.374
04/09/2016	15:59:39.2	    -1.315
04/09/2016	15:59:39.3	    -1.255
04/09/2016	15:59:39.4	    -1.195
04/09/2016	15:59:39.5	    -1.131
04/09/2016	15:59:39.6	    -1.071
04/09/2016	15:59:39.7	    -1.010
04/09/2016	15:59:39.8	    -0.953
04/09/2016	15:59:39.9	    -0.888
04/09/2016	15:59:40.0	    -0.822
04/09/2016	15:59:40.1	    -0.764
04/09/2016	15:59:40.2	    -0.708
04/09/2016	15:59:40.3	    -0.643
04/09/2016	15:59:40.4	    -0.579
04/09/2016	15:59:40.5	    -0.522
04/09/2016	15:59:40.6	    -0.461
04/09/2016	15:59:40.7	    -0.396
04/09/2016	15:59:40.8	    -0.337
04/09/2016	15:59:40.9	    -0.276
04/09/2016	15:59:41.0	    -0.211
04/09/2016	15:59:41.1	    -0.145
04/09/2016	15:59:41.2	    -0.123
04/09/2016	15:59:41.3	    -0.145
04/09/2016	15:59:41.4	    -0.175
04/09/2016	15:59:41.5	    -0.220
04/09/2016	15:59:41.6	    -0.267
04/09/2016	15:59:41.7	    -0.314
04/09/2016	15:59:41.8	    -0.370
04/09/2016	15:59:41.9	    -0.423
04/09/2016	15:59:42.0	    -0.475
04/09/2016	15:59:42.1	    -0.533
04/09/2016	15:59:42.2	    -0.594
04/09/2016	15:59:42.3	    -0.657
04/09/2016	15:59:42.4	    -0.716
04/09/2016	15:59:42.5	    -0.776
04/09/2016	15:59:42.6	    -0.833
04/09/2016	15:59:42.7	    -0.891
04/09/2016	15:59:42.8	    -0.954
04/09/2016	15:59:42.9	    -1.017
04/09/2016	15:59:43.0	    -1.069
04/09/2016	15:59:43.1	    -1.134
04/09/2016	15:59:43.2	    -1.195
04/09/2016	15:59:43.3	    -1.254
04/09/2016	15:59:43.4	    -1.314
04/09/2016	15:59:43.5	    -1.372
04/09/2016	15:59:43.6	    -1.432
04/09/2016	15:59:43.7	    -1.492
04/09/2016	15:59:43.8	    -1.551
04/09/2016	15:59:43.9	    -1.608
04/09/2016	15:59:44.0	    -1.662
04/09/2016	15:59:44.1	    -1.724
04/09/2016	15:59:44.2	    -1.783
04/09/2016	15:59:44.3	    -1.838
04/09/2016	15:59:44.4	    -1.893
04/09/2016	15:59:44.5	    -1.953
04/09/2016	15:59:44.6	    -2.010
04/09/2016	15:59:44.7	    -2.063
04/09/2016	15:59:44.8	    -2.119
04/09/2016	15:59:44.9	    -2.177
04/09/2016	15:59:45.0	    -2.227
04/09/2016	15:59:45.1	    -2.280
04/09/2016	15:59:45.2	    -2.338
04/09/2016	15:59:45.3	    -2.386
04/09/2016	15:59:45.4	    -2.435
04/09/2016	15:59:45.5	    -2.490
04/09/2016	15:59:45.6	    -2.538
04/09/2016	15:59:45.7	    -2.582
04/09/2016	15:59:45.8	    -2.633
04/09/2016	15:59:45.9	    -2.681
04/09/2016	15:59:46.0	    -2.722
04/09/2016	15:59:46.1	    -2.767
04/09/2016	15:59:46.2	    -2.796
04/09/2016	15:59:46.3	    -2.787
04/09/2016	15:59:46.4	    -2.764
04/09/2016	15:59:46.5	    -2.729
04/09/2016	15:59:46.6	    -2.695
04/09/2016	15:59:46.7	    -2.650
04/09/2016	15:59:46.8	    -2.608
04/09/2016	15:59:46.9	    -2.561
04/09/2016	15:59:47.0	    -2.511
04/09/2016	15:59:47.1	    -2.461
04/09/2016	15:59:47.2	    -2.409
04/09/2016	15:59:47.3	    -2.358
04/09/2016	15:59:47.4	    -2.300
04/09/2016	15:59:47.5	    -2.248
04/09/2016	15:59:47.6	    -2.193
04/09/2016	15:59:47.7	    -2.137
04/09/2016	15:59:47.8	    -2.078
04/09/2016	15:59:47.9	    -2.028
04/09/2016	15:59:48.0	    -1.970
04/09/2016	15:59:48.1	    -1.904
04/09/2016	15:59:48.2	    -1.840
04/09/2016	15:59:48.3	    -1.782
04/09/2016	15:59:48.4	    -1.726
04/09/2016	15:59:48.5	    -1.668
04/09/2016	15:59:48.6	    -1.603
04/09/2016	15:59:48.7	    -1.541
04/09/2016	15:59:48.8	    -1.484
04/09/2016	15:59:48.9	    -1.421
04/09/2016	15:59:49.0	    -1.357
04/09/2016	15:59:49.1	    -1.299
04/09/2016	15:59:49.2	    -1.234
04/09/2016	15:59:49.3	    -1.171
04/09/2016	15:59:49.4	    -1.114
04/09/2016	15:59:49.5	    -1.050
04/09/2016	15:59:49.6	    -0.985
04/09/2016	15:59:49.7	    -0.925
04/09/2016	15:59:49.8	    -0.863
04/09/2016	15:59:49.9	    -0.799
04/09/2016	15:59:50.0	    -0.727
04/09/2016	15:59:50.1	    -0.679
04/09/2016	15:59:50.2	    -0.613
04/09/2016	15:59:50.3	    -0.551
04/09/2016	15:59:50.4	    -0.489
04/09/2016	15:59:50.5	    -0.428
04/09/2016	15:59:50.6	    -0.367
04/09/2016	15:59:50.7	    -0.303
04/09/2016	15:59:50.8	    -0.244
04/09/2016	15:59:50.9	    -0.179
04/09/2016	15:59:51.0	    -0.116
04/09/2016	15:59:51.1	    -0.058
04/09/2016	15:59:51.2	    -0.028
04/09/2016	15:59:51.3	    -0.051
04/09/2016	15:59:51.4	    -0.096
04/09/2016	15:59:51.5	    -0.137
04/09/2016	15:59:51.6	    -0.184
04/09/2016	15:59:51.7	    -0.235
04/09/2016	15:59:51.8	    -0.293
04/09/2016	15:59:51.9	    -0.349
04/09/2016	15:59:52.0	    -0.407
04/09/2016	15:59:52.1	    -0.464
04/09/2016	15:59:52.2	    -0.528
04/09/2016	15:59:52.3	    -0.590
04/09/2016	15:59:52.4	    -0.650
04/09/2016	15:59:52.5	    -0.706
04/09/2016	15:59:52.6	    -0.772
04/09/2016	15:59:52.7	    -0.834
04/09/2016	15:59:52.8	    -0.891
04/09/2016	15:59:52.9	    -0.952
04/09/2016	15:59:53.0	    -1.016
04/09/2016	15:59:53.1	    -1.078
04/09/2016	15:59:53.2	    -1.134
04/09/2016	15:59:53.3	    -1.200
04/09/2016	15:59:53.4	    -1.263
04/09/2016	15:59:53.5	    -1.318
04/09/2016	15:59:53.6	    -1.378
04/09/2016	15:59:53.7	    -1.443
04/09/2016	15:59:53.8	    -1.500
04/09/2016	15:59:53.9	    -1.560
04/09/2016	15:59:54.0	    -1.621
04/09/2016	15:59:54.1	    -1.678
04/09/2016	15:59:54.2	    -1.736
04/09/2016	15:59:54.3	    -1.798
04/09/2016	15:59:54.4	    -1.854
04/09/2016	15:59:54.5	    -1.912
04/09/2016	15:59:54.6	    -1.971
04/09/2016	15:59:54.7	    -2.027
04/09/2016	15:59:54.8	    -2.084
04/09/2016	15:59:54.9	    -2.138
04/09/2016	15:59:55.0	    -2.198
04/09/2016	15:59:55.1	    -2.246
04/09/2016	15:59:55.2	    -2.304
04/09/2016	15:59:55.3	    -2.357
04/09/2016	15:59:55.4	    -2.405
04/09/2016	15:59:55.5	    -2.461
04/09/2016	15:59:55.6	    -2.514
04/09/2016	15:59:55.7	    -2.562
04/09/2016	15:59:55.8	    -2.607
04/09/2016	15:59:55.9	    -2.654
04/09/2016	15:59:56.0	    -2.703
04/09/2016	15:59:56.1	    -2.746
04/09/2016	15:59:56.2	    -2.777
04/09/2016	15:59:56.3	    -2.766
04/09/2016	15:59:56.4	    -2.742
04/09/2016	15:59:56.5	    -2.711
04/09/2016	15:59:56.6	    -2.666
04/09/2016	15:59:56.7	    -2.626
04/09/2016	15:59:56.8	    -2.582
04/09/2016	15:59:56.9	    -2.536
04/09/2016	15:59:57.0	    -2.481
04/09/2016	15:59:57.1	    -2.433
04/09/2016	15:59:57.2	    -2.380
04/09/2016	15:59:57.3	    -2.323
04/09/2016	15:59:57.4	    -2.268
04/09/2016	15:59:57.5	    -2.213
04/09/2016	15:59:57.6	    -2.155
04/09/2016	15:59:57.7	    -2.095
04/09/2016	15:59:57.8	    -2.039
04/09/2016	15:59:57.9	    -1.992
04/09/2016	15:59:58.0	    -1.920
04/09/2016	15:59:58.1	    -1.859
04/09/2016	15:59:58.2	    -1.797
04/09/2016	15:59:58.3	    -1.734
04/09/2016	15:59:58.4	    -1.677
04/09/2016	15:59:58.5	    -1.615
04/09/2016	15:59:58.6	    -1.553
04/09/2016	15:59:58.7	    -1.494
04/09/2016	15:59:58.8	    -1.430
04/09/2016	15:59:58.9	    -1.367
04/09/2016	15:59:59.0	    -1.306
04/09/2016	15:59:59.1	    -1.245
04/09/2016	15:59:59.2	    -1.137
04/09/2016	15:59:59.3	    -1.116
04/09/2016	15:59:59.4	    -1.056
04/09/2016	15:59:59.5	    -0.993
04/09/2016	15:59:59.6	    -0.930
04/09/2016	15:59:59.7	    -0.866
04/09/2016	15:59:59.8	    -0.806
04/09/2016	15:59:59.9	    -0.738
04/09/2016	16:00:00.0	    -0.676
04/09/2016	16:00:00.1	    -0.612
04/09/2016	16:00:00.2	    -0.552
04/09/2016	16:00:00.3	    -0.487
04/09/2016	16:00:00.4	    -0.424
04/09/2016	16:00:00.5	    -0.361
04/09/2016	16:00:00.6	    -0.301
04/09/2016	16:00:00.7	    -0.237
04/09/2016	16:00:00.8	    -0.173
04/09/2016	16:00:00.9	    -0.112
04/09/2016	16:00:01.0	    -0.054
04/09/2016	16:00:01.1	     0.045
04/09/2016	16:00:01.2	     0.043
04/09/2016	16:00:01.3	     0.010
04/09/2016	16:00:01.4	    -0.027
04/09/2016	16:00:01.5	    -0.074
04/09/2016	16:00:01.6	    -0.140
04/09/2016	16:00:01.7	    -0.177
04/09/2016	16:00:01.8	    -0.229
04/09/2016	16:00:01.9	    -0.290
04/09/2016	16:00:02.0	    -0.349
04/09/2016	16:00:02.1	    -0.367
04/09/2016	16:00:02.2	    -0.474
04/09/2016	16:00:02.3	    -0.534
04/09/2016	16:00:02.4	    -0.595
04/09/2016	16:00:02.5	    -0.658
04/09/2016	16:00:02.6	    -0.728
04/09/2016	16:00:02.7	    -0.780
04/09/2016	16:00:02.8	    -0.846
04/09/2016	16:00:02.9	    -0.906
04/09/2016	16:00:03.0	    -0.971
04/09/2016	16:00:03.1	    -1.031
04/09/2016	16:00:03.2	    -1.094
04/09/2016	16:00:03.3	    -1.157
04/09/2016	16:00:03.4	    -1.218
04/09/2016	16:00:03.5	    -1.278
04/09/2016	16:00:03.6	    -1.338
04/09/2016	16:00:03.7	    -1.400
04/09/2016	16:00:03.8	    -1.462
04/09/2016	16:00:03.9	    -1.523
04/09/2016	16:00:04.0	    -1.581
04/09/2016	16:00:04.1	    -1.642
04/09/2016	16:00:04.2	    -1.701
04/09/2016	16:00:04.3	    -1.763
04/09/2016	16:00:04.4	    -1.819
04/09/2016	16:00:04.5	    -1.879
04/09/2016	16:00:04.6	    -1.939
04/09/2016	16:00:04.7	    -1.996
04/09/2016	16:00:04.8	    -2.052
04/09/2016	16:00:04.9	    -2.107
04/09/2016	16:00:05.0	    -2.169
04/09/2016	16:00:05.1	    -2.227
04/09/2016	16:00:05.2	    -2.279
04/09/2016	16:00:05.3	    -2.331
04/09/2016	16:00:05.4	    -2.387
04/09/2016	16:00:05.5	    -2.436
04/09/2016	16:00:05.6	    -2.487
04/09/2016	16:00:05.7	    -2.535
04/09/2016	16:00:05.8	    -2.587
04/09/2016	16:00:05.9	    -2.633
04/09/2016	16:00:06.0	    -2.683
04/09/2016	16:00:06.1	    -2.727
04/09/2016	16:00:06.2	    -2.765
04/09/2016	16:00:06.3	    -2.749
04/09/2016	16:00:06.4	    -2.722
04/09/2016	16:00:06.5	    -2.687
04/09/2016	16:00:06.6	    -2.652
04/09/2016	16:00:06.7	    -2.603
04/09/2016	16:00:06.8	    -2.557
04/09/2016	16:00:06.9	    -2.510
04/09/2016	16:00:07.0	    -2.456
04/09/2016	16:00:07.1	    -2.403
04/09/2016	16:00:07.2	    -2.350
04/09/2016	16:00:07.3	    -2.297
04/09/2016	16:00:07.4	    -2.243
04/09/2016	16:00:07.5	    -2.182
04/09/2016	16:00:07.6	    -2.127
04/09/2016	16:00:07.7	    -2.064
04/09/2016	16:00:07.8	    -2.010
04/09/2016	16:00:07.9	    -1.961
04/09/2016	16:00:08.0	    -1.889
04/09/2016	16:00:08.1	    -1.822
04/09/2016	16:00:08.2	    -1.761
04/09/2016	16:00:08.3	    -1.703
04/09/2016	16:00:08.4	    -1.639
04/09/2016	16:00:08.5	    -1.580
04/09/2016	16:00:08.6	    -1.516
04/09/2016	16:00:08.7	    -1.454
04/09/2016	16:00:08.8	    -1.389
04/09/2016	16:00:08.9	    -1.326
04/09/2016	16:00:09.0	    -1.269
04/09/2016	16:00:09.1	    -1.200
04/09/2016	16:00:09.2	    -1.149
04/09/2016	16:00:09.3	    -1.077
04/09/2016	16:00:09.4	    -1.013
04/09/2016	16:00:09.5	    -0.947
04/09/2016	16:00:09.6	    -0.884
04/09/2016	16:00:09.7	    -0.875
04/09/2016	16:00:09.8	    -0.755
04/09/2016	16:00:09.9	    -0.694
04/09/2016	16:00:10.0	    -0.630
04/09/2016	16:00:10.1	    -0.564
04/09/2016	16:00:10.2	    -0.505
04/09/2016	16:00:10.3	    -0.436
04/09/2016	16:00:10.4	    -0.372
04/09/2016	16:00:10.5	    -0.310
04/09/2016	16:00:10.6	    -0.248
04/09/2016	16:00:10.7	    -0.187
04/09/2016	16:00:10.8	    -0.120
04/09/2016	16:00:10.9	    -0.059
04/09/2016	16:00:11.0	     0.006
04/09/2016	16:00:11.1	     0.066
04/09/2016	16:00:11.2	     0.099
04/09/2016	16:00:11.3	     0.072
04/09/2016	16:00:11.4	     0.028
04/09/2016	16:00:11.5	    -0.020
04/09/2016	16:00:11.6	    -0.072
04/09/2016	16:00:11.7	    -0.126
04/09/2016	16:00:11.8	    -0.185
04/09/2016	16:00:11.9	    -0.241
04/09/2016	16:00:12.0	    -0.300
04/09/2016	16:00:12.1	    -0.364
04/09/2016	16:00:12.2	    -0.427
04/09/2016	16:00:12.3	    -0.491
04/09/2016	16:00:12.4	    -0.555
04/09/2016	16:00:12.5	    -0.618
04/09/2016	16:00:12.6	    -0.681
04/09/2016	16:00:12.7	    -0.740
04/09/2016	16:00:12.8	    -0.804
04/09/2016	16:00:12.9	    -0.868
04/09/2016	16:00:13.0	    -0.931
04/09/2016	16:00:13.1	    -0.990
04/09/2016	16:00:13.2	    -1.054
04/09/2016	16:00:13.3	    -1.122
04/09/2016	16:00:13.4	    -1.178
04/09/2016	16:00:13.5	    -1.243
04/09/2016	16:00:13.6	    -1.305
04/09/2016	16:00:13.7	    -1.364
04/09/2016	16:00:13.8	    -1.423
04/09/2016	16:00:13.9	    -1.489
04/09/2016	16:00:14.0	    -1.550
04/09/2016	16:00:14.1	    -1.611
04/09/2016	16:00:14.2	    -1.675
04/09/2016	16:00:14.3	    -1.729
04/09/2016	16:00:14.4	    -1.789
04/09/2016	16:00:14.5	    -1.852
04/09/2016	16:00:14.6	    -1.909
04/09/2016	16:00:14.7	    -1.969
04/09/2016	16:00:14.8	    -2.030
04/09/2016	16:00:14.9	    -2.083
04/09/2016	16:00:15.0	    -2.140
04/09/2016	16:00:15.1	    -2.199
04/09/2016	16:00:15.2	    -2.254
04/09/2016	16:00:15.3	    -2.309
04/09/2016	16:00:15.4	    -2.363
04/09/2016	16:00:15.5	    -2.416
04/09/2016	16:00:15.6	    -2.467
04/09/2016	16:00:15.7	    -2.523
04/09/2016	16:00:15.8	    -2.570
04/09/2016	16:00:15.9	    -2.618
04/09/2016	16:00:16.0	    -2.666
04/09/2016	16:00:16.1	    -2.712
04/09/2016	16:00:16.2	    -2.743
04/09/2016	16:00:16.3	    -2.740
04/09/2016	16:00:16.4	    -2.724
04/09/2016	16:00:16.5	    -2.675
04/09/2016	16:00:16.6	    -2.635
04/09/2016	16:00:16.7	    -2.585
04/09/2016	16:00:16.8	    -2.541
04/09/2016	16:00:16.9	    -2.493
04/09/2016	16:00:17.0	    -2.441
04/09/2016	16:00:17.1	    -2.386
04/09/2016	16:00:17.2	    -2.332
04/09/2016	16:00:17.3	    -2.290
04/09/2016	16:00:17.4	    -2.221
04/09/2016	16:00:17.5	    -2.162
04/09/2016	16:00:17.6	    -2.099
04/09/2016	16:00:17.7	    -2.045
04/09/2016	16:00:17.8	    -1.987
04/09/2016	16:00:17.9	    -1.927
04/09/2016	16:00:18.0	    -1.861
04/09/2016	16:00:18.1	    -1.796
04/09/2016	16:00:18.2	    -1.734
04/09/2016	16:00:18.3	    -1.675
04/09/2016	16:00:18.4	    -1.610
04/09/2016	16:00:18.5	    -1.545
04/09/2016	16:00:18.6	    -1.486
04/09/2016	16:00:18.7	    -1.424
04/09/2016	16:00:18.8	    -1.355
04/09/2016	16:00:18.9	    -1.298
04/09/2016	16:00:19.0	    -1.231
04/09/2016	16:00:19.1	    -1.167
04/09/2016	16:00:19.2	    -1.107
04/09/2016	16:00:19.3	    -1.041
04/09/2016	16:00:19.4	    -0.973
04/09/2016	16:00:19.5	    -0.913
04/09/2016	16:00:19.6	    -0.847
04/09/2016	16:00:19.7	    -0.781
04/09/2016	16:00:19.8	    -0.721
04/09/2016	16:00:19.9	    -0.653
04/09/2016	16:00:20.0	    -0.597
04/09/2016	16:00:20.1	    -0.525
04/09/2016	16:00:20.2	    -0.458
04/09/2016	16:00:20.3	    -0.396
04/09/2016	16:00:20.4	    -0.332
04/09/2016	16:00:20.5	    -0.266
04/09/2016	16:00:20.6	    -0.204
04/09/2016	16:00:20.7	    -0.143
04/09/2016	16:00:20.8	    -0.079
04/09/2016	16:00:20.9	    -0.011
04/09/2016	16:00:21.0	     0.048
04/09/2016	16:00:21.1	     0.111
04/09/2016	16:00:21.2	     0.148
04/09/2016	16:00:21.3	     0.116
04/09/2016	16:00:21.4	     0.074
04/09/2016	16:00:21.5	     0.023
04/09/2016	16:00:21.6	    -0.027
04/09/2016	16:00:21.7	    -0.081
04/09/2016	16:00:21.8	    -0.143
04/09/2016	16:00:21.9	    -0.199
04/09/2016	16:00:22.0	    -0.261
04/09/2016	16:00:22.1	    -0.327
04/09/2016	16:00:22.2	    -0.391
04/09/2016	16:00:22.3	    -0.451
04/09/2016	16:00:22.4	    -0.502
04/09/2016	16:00:22.5	    -0.579
04/09/2016	16:00:22.6	    -0.640
04/09/2016	16:00:22.7	    -0.708
04/09/2016	16:00:22.8	    -0.771
04/09/2016	16:00:22.9	    -0.839
04/09/2016	16:00:23.0	    -0.898
04/09/2016	16:00:23.1	    -0.960
04/09/2016	16:00:23.2	    -1.019
04/09/2016	16:00:23.3	    -1.089
04/09/2016	16:00:23.4	    -1.150
04/09/2016	16:00:23.5	    -1.212
04/09/2016	16:00:23.6	    -1.274
04/09/2016	16:00:23.7	    -1.339
04/09/2016	16:00:23.8	    -1.398
04/09/2016	16:00:23.9	    -1.460
04/09/2016	16:00:24.0	    -1.522
04/09/2016	16:00:24.1	    -1.581
04/09/2016	16:00:24.2	    -1.645
04/09/2016	16:00:24.3	    -1.708
04/09/2016	16:00:24.4	    -1.764
04/09/2016	16:00:24.5	    -1.827
04/09/2016	16:00:24.6	    -1.887
04/09/2016	16:00:24.7	    -1.941
04/09/2016	16:00:24.8	    -2.007
04/09/2016	16:00:24.9	    -2.065
04/09/2016	16:00:25.0	    -2.115
04/09/2016	16:00:25.1	    -2.180
04/09/2016	16:00:25.2	    -2.235
04/09/2016	16:00:25.3	    -2.287
04/09/2016	16:00:25.4	    -2.341
04/09/2016	16:00:25.5	    -2.402
04/09/2016	16:00:25.6	    -2.454
04/09/2016	16:00:25.7	    -2.504
04/09/2016	16:00:25.8	    -2.552
04/09/2016	16:00:25.9	    -2.610
04/09/2016	16:00:26.0	    -2.649
04/09/2016	16:00:26.1	    -2.695
04/09/2016	16:00:26.2	    -2.734
04/09/2016	16:00:26.3	    -2.721
04/09/2016	16:00:26.4	    -2.694
04/09/2016	16:00:26.5	    -2.664
04/09/2016	16:00:26.6	    -2.618
04/09/2016	16:00:26.7	    -2.575
04/09/2016	16:00:26.8	    -2.531
04/09/2016	16:00:26.9	    -2.473
04/09/2016	16:00:27.0	    -2.420
04/09/2016	16:00:27.1	    -2.371
04/09/2016	16:00:27.2	    -2.314
04/09/2016	16:00:27.3	    -2.259
04/09/2016	16:00:27.4	    -2.198
04/09/2016	16:00:27.5	    -2.137
04/09/2016	16:00:27.6	    -2.079
04/09/2016	16:00:27.7	    -2.018
04/09/2016	16:00:27.8	    -1.969
04/09/2016	16:00:27.9	    -1.903
04/09/2016	16:00:28.0	    -1.835
04/09/2016	16:00:28.1	    -1.771
04/09/2016	16:00:28.2	    -1.710
04/09/2016	16:00:28.3	    -1.646
04/09/2016	16:00:28.4	    -1.582
04/09/2016	16:00:28.5	    -1.524
04/09/2016	16:00:28.6	    -1.458
04/09/2016	16:00:28.7	    -1.393
04/09/2016	16:00:28.8	    -1.332
04/09/2016	16:00:28.9	    -1.268
04/09/2016	16:00:29.0	    -1.202
04/09/2016	16:00:29.1	    -1.140
04/09/2016	16:00:29.2	    -1.071
04/09/2016	16:00:29.3	    -1.007
04/09/2016	16:00:29.4	    -0.946
04/09/2016	16:00:29.5	    -0.881
04/09/2016	16:00:29.6	    -0.814
04/09/2016	16:00:29.7	    -0.751
04/09/2016	16:00:29.8	    -0.686
04/09/2016	16:00:29.9	    -0.626
04/09/2016	16:00:30.0	    -0.557
04/09/2016	16:00:30.1	    -0.490
04/09/2016	16:00:30.2	    -0.430
04/09/2016	16:00:30.3	    -0.361
04/09/2016	16:00:30.4	    -0.295
04/09/2016	16:00:30.5	    -0.235
04/09/2016	16:00:30.6	    -0.168
04/09/2016	16:00:30.7	    -0.104
04/09/2016	16:00:30.8	    -0.042
04/09/2016	16:00:30.9	     0.024
04/09/2016	16:00:31.0	     0.085
04/09/2016	16:00:31.1	     0.149
04/09/2016	16:00:31.2	     0.190
04/09/2016	16:00:31.3	     0.154
04/09/2016	16:00:31.4	     0.112
04/09/2016	16:00:31.5	     0.065
04/09/2016	16:00:31.6	     0.020
04/09/2016	16:00:31.7	    -0.043
04/09/2016	16:00:31.8	    -0.107
04/09/2016	16:00:31.9	    -0.167
04/09/2016	16:00:32.0	    -0.225
04/09/2016	16:00:32.1	    -0.291
04/09/2016	16:00:32.2	    -0.356
04/09/2016	16:00:32.3	    -0.417
04/09/2016	16:00:32.4	    -0.482
04/09/2016	16:00:32.5	    -0.547
04/09/2016	16:00:32.6	    -0.608
04/09/2016	16:00:32.7	    -0.672
04/09/2016	16:00:32.8	    -0.739
04/09/2016	16:00:32.9	    -0.800
04/09/2016	16:00:33.0	    -0.869
04/09/2016	16:00:33.1	    -0.931
04/09/2016	16:00:33.2	    -0.990
04/09/2016	16:00:33.3	    -1.056
04/09/2016	16:00:33.4	    -1.123
04/09/2016	16:00:33.5	    -1.184
04/09/2016	16:00:33.6	    -1.245
04/09/2016	16:00:33.7	    -1.311
04/09/2016	16:00:33.8	    -1.374
04/09/2016	16:00:33.9	    -1.434
04/09/2016	16:00:34.0	    -1.493
04/09/2016	16:00:34.1	    -1.544
04/09/2016	16:00:34.2	    -1.623
04/09/2016	16:00:34.3	    -1.680
04/09/2016	16:00:34.4	    -1.744
04/09/2016	16:00:34.5	    -1.808
04/09/2016	16:00:34.6	    -1.862
04/09/2016	16:00:34.7	    -1.924
04/09/2016	16:00:34.8	    -1.984
04/09/2016	16:00:34.9	    -2.041
04/09/2016	16:00:35.0	    -2.101
04/09/2016	16:00:35.1	    -2.159
04/09/2016	16:00:35.2	    -2.211
04/09/2016	16:00:35.3	    -2.271
04/09/2016	16:00:35.4	    -2.326
04/09/2016	16:00:35.5	    -2.379
04/09/2016	16:00:35.6	    -2.437
04/09/2016	16:00:35.7	    -2.483
04/09/2016	16:00:35.8	    -2.537
04/09/2016	16:00:35.9	    -2.592
04/09/2016	16:00:36.0	    -2.636
04/09/2016	16:00:36.1	    -2.682
04/09/2016	16:00:36.2	    -2.726
04/09/2016	16:00:36.3	    -2.708
04/09/2016	16:00:36.4	    -2.686
04/09/2016	16:00:36.5	    -2.650
04/09/2016	16:00:36.6	    -2.607
04/09/2016	16:00:36.7	    -2.563
04/09/2016	16:00:36.8	    -2.513
04/09/2016	16:00:36.9	    -2.460
04/09/2016	16:00:37.0	    -2.409
04/09/2016	16:00:37.1	    -2.350
04/09/2016	16:00:37.2	    -2.298
04/09/2016	16:00:37.3	    -2.239
04/09/2016	16:00:37.4	    -2.177
04/09/2016	16:00:37.5	    -2.123
04/09/2016	16:00:37.6	    -2.063
04/09/2016	16:00:37.7	    -2.002
04/09/2016	16:00:37.8	    -1.955
04/09/2016	16:00:37.9	    -1.881
04/09/2016	16:00:38.0	    -1.815
04/09/2016	16:00:38.1	    -1.749
04/09/2016	16:00:38.2	    -1.689
04/09/2016	16:00:38.3	    -1.627
04/09/2016	16:00:38.4	    -1.563
04/09/2016	16:00:38.5	    -1.495
04/09/2016	16:00:38.6	    -1.438
04/09/2016	16:00:38.7	    -1.371
04/09/2016	16:00:38.8	    -1.304
04/09/2016	16:00:38.9	    -1.244
04/09/2016	16:00:39.0	    -1.178
04/09/2016	16:00:39.1	    -1.114
04/09/2016	16:00:39.2	    -1.050
04/09/2016	16:00:39.3	    -0.976
04/09/2016	16:00:39.4	    -0.921
04/09/2016	16:00:39.5	    -0.855
04/09/2016	16:00:39.6	    -0.789
04/09/2016	16:00:39.7	    -0.727
04/09/2016	16:00:39.8	    -0.654
04/09/2016	16:00:39.9	    -0.593
04/09/2016	16:00:40.0	    -0.532
04/09/2016	16:00:40.1	    -0.460
04/09/2016	16:00:40.2	    -0.398
04/09/2016	16:00:40.3	    -0.334
04/09/2016	16:00:40.4	    -0.266
04/09/2016	16:00:40.5	    -0.200
04/09/2016	16:00:40.6	    -0.135
04/09/2016	16:00:40.7	    -0.071
04/09/2016	16:00:40.8	    -0.007
04/09/2016	16:00:40.9	     0.054
04/09/2016	16:00:41.0	     0.118
04/09/2016	16:00:41.1	     0.184
04/09/2016	16:00:41.2	     0.223
04/09/2016	16:00:41.3	     0.195
04/09/2016	16:00:41.4	     0.147
04/09/2016	16:00:41.5	     0.100
04/09/2016	16:00:41.6	     0.044
04/09/2016	16:00:41.7	    -0.012
04/09/2016	16:00:41.8	    -0.071
04/09/2016	16:00:41.9	    -0.130
04/09/2016	16:00:42.0	    -0.195
04/09/2016	16:00:42.1	    -0.260
04/09/2016	16:00:42.2	    -0.324
04/09/2016	16:00:42.3	    -0.388
04/09/2016	16:00:42.4	    -0.450
04/09/2016	16:00:42.5	    -0.518
04/09/2016	16:00:42.6	    -0.579
04/09/2016	16:00:42.7	    -0.642
04/09/2016	16:00:42.8	    -0.713
04/09/2016	16:00:42.9	    -0.774
04/09/2016	16:00:43.0	    -0.838
04/09/2016	16:00:43.1	    -0.905
04/09/2016	16:00:43.2	    -0.967
04/09/2016	16:00:43.3	    -1.030
04/09/2016	16:00:43.4	    -1.100
04/09/2016	16:00:43.5	    -1.158
04/09/2016	16:00:43.6	    -1.223
04/09/2016	16:00:43.7	    -1.285
04/09/2016	16:00:43.8	    -1.345
04/09/2016	16:00:43.9	    -1.407
04/09/2016	16:00:44.0	    -1.472
04/09/2016	16:00:44.1	    -1.533
04/09/2016	16:00:44.2	    -1.601
04/09/2016	16:00:44.3	    -1.658
04/09/2016	16:00:44.4	    -1.723
04/09/2016	16:00:44.5	    -1.784
04/09/2016	16:00:44.6	    -1.841
04/09/2016	16:00:44.7	    -1.906
04/09/2016	16:00:44.8	    -1.963
04/09/2016	16:00:44.9	    -2.021
04/09/2016	16:00:45.0	    -2.082
04/09/2016	16:00:45.1	    -2.141
04/09/2016	16:00:45.2	    -2.197
04/09/2016	16:00:45.3	    -2.255
04/09/2016	16:00:45.4	    -2.310
04/09/2016	16:00:45.5	    -2.364
04/09/2016	16:00:45.6	    -2.422
04/09/2016	16:00:45.7	    -2.468
04/09/2016	16:00:45.8	    -2.522
04/09/2016	16:00:45.9	    -2.576
04/09/2016	16:00:46.0	    -2.622
04/09/2016	16:00:46.1	    -2.669
04/09/2016	16:00:46.2	    -2.708
04/09/2016	16:00:46.3	    -2.699
04/09/2016	16:00:46.4	    -2.670
04/09/2016	16:00:46.5	    -2.629
04/09/2016	16:00:46.6	    -2.598
04/09/2016	16:00:46.7	    -2.548
04/09/2016	16:00:46.8	    -2.498
04/09/2016	16:00:46.9	    -2.450
04/09/2016	16:00:47.0	    -2.394
04/09/2016	16:00:47.1	    -2.339
04/09/2016	16:00:47.2	    -2.282
04/09/2016	16:00:47.3	    -2.221
04/09/2016	16:00:47.4	    -2.167
04/09/2016	16:00:47.5	    -2.106
04/09/2016	16:00:47.6	    -2.044
04/09/2016	16:00:47.7	    -1.986
04/09/2016	16:00:47.8	    -1.935
04/09/2016	16:00:47.9	    -1.858
04/09/2016	16:00:48.0	    -1.795
04/09/2016	16:00:48.1	    -1.728
04/09/2016	16:00:48.2	    -1.671
04/09/2016	16:00:48.3	    -1.602
04/09/2016	16:00:48.4	    -1.543
04/09/2016	16:00:48.5	    -1.480
04/09/2016	16:00:48.6	    -1.413
04/09/2016	16:00:48.7	    -1.349
04/09/2016	16:00:48.8	    -1.285
04/09/2016	16:00:48.9	    -1.216
04/09/2016	16:00:49.0	    -1.155
04/09/2016	16:00:49.1	    -1.091
04/09/2016	16:00:49.2	    -1.026
04/09/2016	16:00:49.3	    -0.962
04/09/2016	16:00:49.4	    -0.894
04/09/2016	16:00:49.5	    -0.829
04/09/2016	16:00:49.6	    -0.764
04/09/2016	16:00:49.7	    -0.699
04/09/2016	16:00:49.8	    -0.631
04/09/2016	16:00:49.9	    -0.569
04/09/2016	16:00:50.0	    -0.500
04/09/2016	16:00:50.1	    -0.439
04/09/2016	16:00:50.2	    -0.374
04/09/2016	16:00:50.3	    -0.302
04/09/2016	16:00:50.4	    -0.237
04/09/2016	16:00:50.5	    -0.172
04/09/2016	16:00:50.6	    -0.108
04/09/2016	16:00:50.7	    -0.042
04/09/2016	16:00:50.8	     0.022
04/09/2016	16:00:50.9	     0.084
04/09/2016	16:00:51.0	     0.152
04/09/2016	16:00:51.1	     0.214
04/09/2016	16:00:51.2	     0.252
04/09/2016	16:00:51.3	     0.230
04/09/2016	16:00:51.4	     0.182
04/09/2016	16:00:51.5	     0.131
04/09/2016	16:00:51.6	     0.079
04/09/2016	16:00:51.7	     0.016
04/09/2016	16:00:51.8	    -0.039
04/09/2016	16:00:51.9	    -0.101
04/09/2016	16:00:52.0	    -0.166
04/09/2016	16:00:52.1	    -0.228
04/09/2016	16:00:52.2	    -0.298
04/09/2016	16:00:52.3	    -0.360
04/09/2016	16:00:52.4	    -0.422
04/09/2016	16:00:52.5	    -0.491
04/09/2016	16:00:52.6	    -0.552
04/09/2016	16:00:52.7	    -0.609
END DATA